node:internal/modules/cjs/loader:936
  throw err;
  ^

Error: Cannot find module '@author.io/args'
Require stack:
- E:\Node Projects\RisingChampsDataService\node_modules\node-windows\lib\wrapper.js
    at Function.Module._resolveFilename (node:internal/modules/cjs/loader:933:15)
    at Function.Module._load (node:internal/modules/cjs/loader:778:27)
    at Module.require (node:internal/modules/cjs/loader:1005:19)
    at require (node:internal/modules/cjs/helpers:102:18)
    at Object.<anonymous> (E:\Node Projects\RisingChampsDataService\node_modules\node-windows\lib\wrapper.js:3:12)
    at Module._compile (node:internal/modules/cjs/loader:1103:14)
    at Object.Module._extensions..js (node:internal/modules/cjs/loader:1157:10)
    at Module.load (node:internal/modules/cjs/loader:981:32)
    at Function.Module._load (node:internal/modules/cjs/loader:822:12)
    at Function.executeUserEntryPoint [as runMain] (node:internal/modules/run_main:77:12) {
  code: 'MODULE_NOT_FOUND',
  requireStack: [
    'E:\\Node Projects\\RisingChampsDataService\\node_modules\\node-windows\\lib\\wrapper.js'
  ]
}
node:internal/modules/cjs/loader:936
  throw err;
  ^

Error: Cannot find module '@author.io/args'
Require stack:
- E:\Node Projects\RisingChampsDataService\node_modules\node-windows\lib\wrapper.js
    at Function.Module._resolveFilename (node:internal/modules/cjs/loader:933:15)
    at Function.Module._load (node:internal/modules/cjs/loader:778:27)
    at Module.require (node:internal/modules/cjs/loader:1005:19)
    at require (node:internal/modules/cjs/helpers:102:18)
    at Object.<anonymous> (E:\Node Projects\RisingChampsDataService\node_modules\node-windows\lib\wrapper.js:3:12)
    at Module._compile (node:internal/modules/cjs/loader:1103:14)
    at Object.Module._extensions..js (node:internal/modules/cjs/loader:1157:10)
    at Module.load (node:internal/modules/cjs/loader:981:32)
    at Function.Module._load (node:internal/modules/cjs/loader:822:12)
    at Function.executeUserEntryPoint [as runMain] (node:internal/modules/run_main:77:12) {
  code: 'MODULE_NOT_FOUND',
  requireStack: [
    'E:\\Node Projects\\RisingChampsDataService\\node_modules\\node-windows\\lib\\wrapper.js'
  ]
}
node:internal/modules/cjs/loader:936
  throw err;
  ^

Error: Cannot find module '@author.io/args'
Require stack:
- E:\Node Projects\RisingChampsDataService\node_modules\node-windows\lib\wrapper.js
    at Function.Module._resolveFilename (node:internal/modules/cjs/loader:933:15)
    at Function.Module._load (node:internal/modules/cjs/loader:778:27)
    at Module.require (node:internal/modules/cjs/loader:1005:19)
    at require (node:internal/modules/cjs/helpers:102:18)
    at Object.<anonymous> (E:\Node Projects\RisingChampsDataService\node_modules\node-windows\lib\wrapper.js:3:12)
    at Module._compile (node:internal/modules/cjs/loader:1103:14)
    at Object.Module._extensions..js (node:internal/modules/cjs/loader:1157:10)
    at Module.load (node:internal/modules/cjs/loader:981:32)
    at Function.Module._load (node:internal/modules/cjs/loader:822:12)
    at Function.executeUserEntryPoint [as runMain] (node:internal/modules/run_main:77:12) {
  code: 'MODULE_NOT_FOUND',
  requireStack: [
    'E:\\Node Projects\\RisingChampsDataService\\node_modules\\node-windows\\lib\\wrapper.js'
  ]
}
